<?xml version="1.0" encoding="UTF-8"?>
<!-- Generated by org.testng.reporters.JUnitReportReporter -->
<testsuite hostname="LAPTOP-2L4TB7K4" failures="0" tests="4" name="TestCases.DeductionTest" time="75.203" errors="0" timestamp="2022-07-25T19:28:40 IST" skipped="0">
  <testcase classname="TestCases.DeductionTest" name="create_deduction_blank" time="19.804"/>
  <system-out/>
  <testcase classname="TestCases.DeductionTest" name="clickeye" time="16.452"/>
  <system-out/>
  <testcase classname="TestCases.DeductionTest" name="create_deduction" time="19.889"/>
  <system-out/>
  <testcase classname="TestCases.DeductionTest" name="clickPencil" time="19.058"/>
  <system-out/>
</testsuite> <!-- TestCases.DeductionTest -->
