<?xml version="1.0" encoding="UTF-8"?>
<!-- Generated by org.testng.reporters.JUnitReportReporter -->
<testsuite hostname="LAPTOP-2L4TB7K4" failures="0" tests="6" name="TestCases.TimesheetTest" time="116.523" errors="0" timestamp="2022-07-25T19:23:51 IST" skipped="0">
  <testcase classname="TestCases.TimesheetTest" name="pencilclick" time="18.360"/>
  <system-out/>
  <testcase classname="TestCases.TimesheetTest" name="geninvoice" time="24.384"/>
  <system-out/>
  <testcase classname="TestCases.TimesheetTest" name="tsascend" time="20.357"/>
  <system-out/>
  <testcase classname="TestCases.TimesheetTest" name="clickPending" time="19.794"/>
  <system-out/>
  <testcase classname="TestCases.TimesheetTest" name="genpayslip" time="16.332"/>
  <system-out/>
  <testcase classname="TestCases.TimesheetTest" name="eyeclick" time="17.296"/>
  <system-out/>
</testsuite> <!-- TestCases.TimesheetTest -->
