<?xml version="1.0" encoding="UTF-8"?>
<!-- Generated by org.testng.reporters.JUnitReportReporter -->
<testsuite hostname="LAPTOP-2L4TB7K4" failures="0" tests="2" name="TestCases.HomeTest" time="27.141" errors="0" timestamp="2022-07-23T21:05:19 IST" skipped="0">
  <testcase classname="TestCases.HomeTest" name="logout" time="13.562"/>
  <system-out/>
  <testcase classname="TestCases.HomeTest" name="deductionclick" time="13.579"/>
  <system-out/>
</testsuite> <!-- TestCases.HomeTest -->
