<?xml version="1.0" encoding="UTF-8"?>
<!-- Generated by org.testng.reporters.JUnitReportReporter -->
<testsuite hostname="LAPTOP-2L4TB7K4" failures="0" tests="6" name="TestCases.TimesheetTest" time="85.564" errors="0" timestamp="2022-07-23T21:05:19 IST" skipped="0">
  <testcase classname="TestCases.TimesheetTest" name="geninvoice" time="13.611"/>
  <system-out/>
  <testcase classname="TestCases.TimesheetTest" name="tsascend" time="14.173"/>
  <system-out/>
  <testcase classname="TestCases.TimesheetTest" name="eyeclick" time="14.018"/>
  <system-out/>
  <testcase classname="TestCases.TimesheetTest" name="genpayslip" time="13.614"/>
  <system-out/>
  <testcase classname="TestCases.TimesheetTest" name="pencilclick" time="15.477"/>
  <system-out/>
  <testcase classname="TestCases.TimesheetTest" name="clickPending" time="14.671"/>
  <system-out/>
</testsuite> <!-- TestCases.TimesheetTest -->
