<?xml version="1.0" encoding="UTF-8"?>
<!-- Generated by org.testng.reporters.JUnitReportReporter -->
<testsuite hostname="LAPTOP-2L4TB7K4" failures="0" tests="4" name="TestCases.DeductionTest" time="63.355" errors="0" timestamp="2022-07-23T21:05:19 IST" skipped="0">
  <testcase classname="TestCases.DeductionTest" name="create_deduction_blank" time="16.046"/>
  <system-out/>
  <testcase classname="TestCases.DeductionTest" name="clickeye" time="14.618"/>
  <system-out/>
  <testcase classname="TestCases.DeductionTest" name="clickPencil" time="15.516"/>
  <system-out/>
  <testcase classname="TestCases.DeductionTest" name="create_deduction" time="17.175"/>
  <system-out/>
</testsuite> <!-- TestCases.DeductionTest -->
