<?xml version="1.0" encoding="UTF-8"?>
<!-- Generated by org.testng.reporters.JUnitReportReporter -->
<testsuite hostname="LAPTOP-2L4TB7K4" failures="0" tests="9" name="TestCases.LoginTest" time="112.343" errors="0" timestamp="2022-07-23T21:05:19 IST" skipped="0">
  <testcase classname="TestCases.LoginTest" name="Login" time="13.768"/>
  <system-out/>
  <testcase classname="TestCases.LoginTest" name="invalidlogin" time="12.088"/>
  <system-out/>
  <testcase classname="TestCases.LoginTest" name="invalidlogin" time="12.415"/>
  <system-out/>
  <testcase classname="TestCases.LoginTest" name="invalidlogin2" time="14.049"/>
  <system-out/>
  <testcase classname="TestCases.LoginTest" name="invalidlogin3" time="12.631"/>
  <system-out/>
  <testcase classname="TestCases.LoginTest" name="invalidloginblank" time="11.600"/>
  <system-out/>
  <testcase classname="TestCases.LoginTest" name="invalidloginblankuser" time="12.232"/>
  <system-out/>
  <testcase classname="TestCases.LoginTest" name="invalidloginblankpass" time="11.953"/>
  <system-out/>
  <testcase classname="TestCases.LoginTest" name="resetlink" time="11.607"/>
  <system-out/>
</testsuite> <!-- TestCases.LoginTest -->
